<?xml version="1.0" encoding="UTF-8"?>
<!-- Generated by org.testng.reporters.JUnitReportReporter -->
<testsuite hostname="LAPTOP-EIQS39NV" failures="0" tests="1" name="TradeMe_Sandbox.SandBoxUsedCars.AccessMotorsPage" time="128.140" errors="0" timestamp="11 Nov 2020 04:28:44 GMT">
  <testcase classname="TradeMe_Sandbox.SandBoxUsedCars.AccessMotorsPage" name="accessMotors" time="128.140"/>
</testsuite> <!-- TradeMe_Sandbox.SandBoxUsedCars.AccessMotorsPage -->
